2023-05-09 15:34:52.808  INFO 16552 --- [restartedMain] com.mightyjava.Application               : Starting Application using Java 17.0.6 on DESKTOP-F9109QH with PID 16552 (E:\FinalProject\Backend\Student\target\classes started by user in E:\FinalProject\Backend\Student)
2023-05-09 15:34:52.813  INFO 16552 --- [restartedMain] com.mightyjava.Application               : No active profile set, falling back to default profiles: default
2023-05-09 15:34:52.928  INFO 16552 --- [restartedMain] o.s.b.devtools.restart.ChangeableUrls    : The Class-Path manifest attribute in C:\Users\user\.m2\repository\com\sun\xml\bind\jaxb-impl\2.1.12\jaxb-impl-2.1.12.jar referenced one or more files that do not exist: file:/C:/Users/user/.m2/repository/com/sun/xml/bind/jaxb-impl/2.1.12/jaxb-api.jar,file:/C:/Users/user/.m2/repository/com/sun/xml/bind/jaxb-impl/2.1.12/activation.jar,file:/C:/Users/user/.m2/repository/com/sun/xml/bind/jaxb-impl/2.1.12/jsr173_1.0_api.jar,file:/C:/Users/user/.m2/repository/com/sun/xml/bind/jaxb-impl/2.1.12/jaxb1-impl.jar
2023-05-09 15:34:52.930  INFO 16552 --- [restartedMain] .e.DevToolsPropertyDefaultsPostProcessor : Devtools property defaults active! Set 'spring.devtools.add-properties' to 'false' to disable
2023-05-09 15:34:52.931  INFO 16552 --- [restartedMain] .e.DevToolsPropertyDefaultsPostProcessor : For additional web related logging consider setting the 'logging.level.web' property to 'DEBUG'
2023-05-09 15:34:54.150  INFO 16552 --- [restartedMain] .s.d.r.c.RepositoryConfigurationDelegate : Bootstrapping Spring Data JPA repositories in DEFAULT mode.
2023-05-09 15:34:54.248  INFO 16552 --- [restartedMain] .s.d.r.c.RepositoryConfigurationDelegate : Finished Spring Data repository scanning in 84 ms. Found 1 JPA repository interfaces.
2023-05-09 15:34:54.781  INFO 16552 --- [restartedMain] trationDelegate$BeanPostProcessorChecker : Bean 'org.springframework.security.access.expression.method.DefaultMethodSecurityExpressionHandler@2ef1375e' of type [org.springframework.security.access.expression.method.DefaultMethodSecurityExpressionHandler] is not eligible for getting processed by all BeanPostProcessors (for example: not eligible for auto-proxying)
2023-05-09 15:34:54.789  INFO 16552 --- [restartedMain] trationDelegate$BeanPostProcessorChecker : Bean 'methodSecurityMetadataSource' of type [org.springframework.security.access.method.DelegatingMethodSecurityMetadataSource] is not eligible for getting processed by all BeanPostProcessors (for example: not eligible for auto-proxying)
2023-05-09 15:34:55.611  INFO 16552 --- [restartedMain] o.s.b.w.embedded.tomcat.TomcatWebServer  : Tomcat initialized with port(s): 8080 (http)
2023-05-09 15:34:55.632  INFO 16552 --- [restartedMain] o.apache.catalina.core.StandardService   : Starting service [Tomcat]
2023-05-09 15:34:55.632  INFO 16552 --- [restartedMain] org.apache.catalina.core.StandardEngine  : Starting Servlet engine: [Apache Tomcat/9.0.43]
2023-05-09 15:34:55.778  INFO 16552 --- [restartedMain] o.a.c.c.C.[Tomcat].[localhost].[/rest]   : Initializing Spring embedded WebApplicationContext
2023-05-09 15:34:55.779  INFO 16552 --- [restartedMain] w.s.c.ServletWebServerApplicationContext : Root WebApplicationContext: initialization completed in 2847 ms
2023-05-09 15:34:56.152  INFO 16552 --- [restartedMain] o.hibernate.jpa.internal.util.LogHelper  : HHH000204: Processing PersistenceUnitInfo [name: default]
2023-05-09 15:34:56.272  INFO 16552 --- [restartedMain] org.hibernate.Version                    : HHH000412: Hibernate ORM core version 5.4.28.Final
2023-05-09 15:34:56.533  INFO 16552 --- [restartedMain] o.hibernate.annotations.common.Version   : HCANN000001: Hibernate Commons Annotations {5.1.2.Final}
2023-05-09 15:34:56.691  INFO 16552 --- [restartedMain] com.zaxxer.hikari.HikariDataSource       : HikariPool-1 - Starting...
2023-05-09 15:34:56.892  INFO 16552 --- [restartedMain] com.zaxxer.hikari.HikariDataSource       : HikariPool-1 - Start completed.
2023-05-09 15:34:56.919  INFO 16552 --- [restartedMain] org.hibernate.dialect.Dialect            : HHH000400: Using dialect: org.hibernate.dialect.MySQLInnoDBDialect
2023-05-09 15:34:57.918  INFO 16552 --- [restartedMain] o.h.e.t.j.p.i.JtaPlatformInitiator       : HHH000490: Using JtaPlatform implementation: [org.hibernate.engine.transaction.jta.platform.internal.NoJtaPlatform]
2023-05-09 15:34:57.933  INFO 16552 --- [restartedMain] j.LocalContainerEntityManagerFactoryBean : Initialized JPA EntityManagerFactory for persistence unit 'default'
2023-05-09 15:34:57.963  INFO 16552 --- [restartedMain] o.s.b.d.a.OptionalLiveReloadServer       : LiveReload server is running on port 35729
2023-05-09 15:34:58.610  WARN 16552 --- [restartedMain] JpaBaseConfiguration$JpaWebConfiguration : spring.jpa.open-in-view is enabled by default. Therefore, database queries may be performed during view rendering. Explicitly configure spring.jpa.open-in-view to disable this warning
2023-05-09 15:34:59.250  INFO 16552 --- [restartedMain] o.s.s.web.DefaultSecurityFilterChain     : Will secure any request with [org.springframework.security.web.context.request.async.WebAsyncManagerIntegrationFilter@28ba74c6, org.springframework.security.web.context.SecurityContextPersistenceFilter@1067e2cb, org.springframework.security.web.header.HeaderWriterFilter@59dd6217, org.springframework.web.filter.CorsFilter@240a360f, org.springframework.security.web.authentication.logout.LogoutFilter@393311aa, com.mightyjava.config.JwtTokenFilter@5fff3836, org.springframework.security.web.savedrequest.RequestCacheAwareFilter@110bd829, org.springframework.security.web.servletapi.SecurityContextHolderAwareRequestFilter@31ec7ada, org.springframework.security.web.authentication.AnonymousAuthenticationFilter@7931ee79, org.springframework.security.web.session.SessionManagementFilter@30df3bd6, org.springframework.security.web.access.ExceptionTranslationFilter@7dbe6c47]
2023-05-09 15:34:59.386  INFO 16552 --- [restartedMain] o.s.s.concurrent.ThreadPoolTaskExecutor  : Initializing ExecutorService 'applicationTaskExecutor'
2023-05-09 15:34:59.721  INFO 16552 --- [restartedMain] o.s.b.w.embedded.tomcat.TomcatWebServer  : Tomcat started on port(s): 8080 (http) with context path '/rest'
2023-05-09 15:34:59.735  INFO 16552 --- [restartedMain] com.mightyjava.Application               : Started Application in 7.522 seconds (JVM running for 8.335)
